<?xml version="1.0" encoding="UTF-8"?>
<testsuite xmlns:xsi="http://www.w3.org/2001/XMLSchema-instance" xsi:noNamespaceSchemaLocation="https://maven.apache.org/surefire/maven-surefire-plugin/xsd/surefire-test-report.xsd" name="org.acme.ExampleResourceTest" time="3.631" tests="1" errors="0" skipped="0" failures="1">
  <properties>
    <property name="gopherProxySet" value="false"/>
    <property name="awt.toolkit" value="sun.lwawt.macosx.LWCToolkit"/>
    <property name="java.specification.version" value="11"/>
    <property name="sun.cpu.isalist" value=""/>
    <property name="sun.jnu.encoding" value="UTF-8"/>
    <property name="java.class.path" value="/Users/jianhuilin/Downloads/code-with-quarkus/target/test-classes:/Users/jianhuilin/Downloads/code-with-quarkus/target/classes:/Users/jianhuilin/.m2/repository/io/quarkus/quarkus-resteasy/1.6.0.Final/quarkus-resteasy-1.6.0.Final.jar:/Users/jianhuilin/.m2/repository/io/quarkus/quarkus-vertx-http/1.6.0.Final/quarkus-vertx-http-1.6.0.Final.jar:/Users/jianhuilin/.m2/repository/io/quarkus/quarkus-development-mode-spi/1.6.0.Final/quarkus-development-mode-spi-1.6.0.Final.jar:/Users/jianhuilin/.m2/repository/io/quarkus/security/quarkus-security/1.1.2.Final/quarkus-security-1.1.2.Final.jar:/Users/jianhuilin/.m2/repository/io/smallrye/reactive/mutiny/0.5.4/mutiny-0.5.4.jar:/Users/jianhuilin/.m2/repository/org/reactivestreams/reactive-streams/1.0.3/reactive-streams-1.0.3.jar:/Users/jianhuilin/.m2/repository/jakarta/enterprise/jakarta.enterprise.cdi-api/2.0.2/jakarta.enterprise.cdi-api-2.0.2.jar:/Users/jianhuilin/.m2/repository/jakarta/el/jakarta.el-api/3.0.3/jakarta.el-api-3.0.3.jar:/Users/jianhuilin/.m2/repository/jakarta/interceptor/jakarta.interceptor-api/1.2.5/jakarta.interceptor-api-1.2.5.jar:/Users/jianhuilin/.m2/repository/io/quarkus/quarkus-vertx-core/1.6.0.Final/quarkus-vertx-core-1.6.0.Final.jar:/Users/jianhuilin/.m2/repository/io/quarkus/quarkus-netty/1.6.0.Final/quarkus-netty-1.6.0.Final.jar:/Users/jianhuilin/.m2/repository/io/netty/netty-codec/4.1.49.Final/netty-codec-4.1.49.Final.jar:/Users/jianhuilin/.m2/repository/io/netty/netty-handler/4.1.49.Final/netty-handler-4.1.49.Final.jar:/Users/jianhuilin/.m2/repository/io/vertx/vertx-core/3.9.1/vertx-core-3.9.1.jar:/Users/jianhuilin/.m2/repository/io/netty/netty-common/4.1.49.Final/netty-common-4.1.49.Final.jar:/Users/jianhuilin/.m2/repository/io/netty/netty-buffer/4.1.49.Final/netty-buffer-4.1.49.Final.jar:/Users/jianhuilin/.m2/repository/io/netty/netty-transport/4.1.49.Final/netty-transport-4.1.49.Final.jar:/Users/jianhuilin/.m2/repository/io/netty/netty-handler-proxy/4.1.49.Final/netty-handler-proxy-4.1.49.Final.jar:/Users/jianhuilin/.m2/repository/io/netty/netty-codec-socks/4.1.49.Final/netty-codec-socks-4.1.49.Final.jar:/Users/jianhuilin/.m2/repository/io/netty/netty-codec-http/4.1.49.Final/netty-codec-http-4.1.49.Final.jar:/Users/jianhuilin/.m2/repository/io/netty/netty-codec-http2/4.1.49.Final/netty-codec-http2-4.1.49.Final.jar:/Users/jianhuilin/.m2/repository/io/netty/netty-resolver/4.1.49.Final/netty-resolver-4.1.49.Final.jar:/Users/jianhuilin/.m2/repository/io/netty/netty-resolver-dns/4.1.49.Final/netty-resolver-dns-4.1.49.Final.jar:/Users/jianhuilin/.m2/repository/io/netty/netty-codec-dns/4.1.49.Final/netty-codec-dns-4.1.49.Final.jar:/Users/jianhuilin/.m2/repository/io/vertx/vertx-web/3.9.1/vertx-web-3.9.1.jar:/Users/jianhuilin/.m2/repository/io/vertx/vertx-web-common/3.9.1/vertx-web-common-3.9.1.jar:/Users/jianhuilin/.m2/repository/io/vertx/vertx-auth-common/3.9.1/vertx-auth-common-3.9.1.jar:/Users/jianhuilin/.m2/repository/io/vertx/vertx-bridge-common/3.9.1/vertx-bridge-common-3.9.1.jar:/Users/jianhuilin/.m2/repository/io/quarkus/quarkus-resteasy-server-common/1.6.0.Final/quarkus-resteasy-server-common-1.6.0.Final.jar:/Users/jianhuilin/.m2/repository/io/quarkus/quarkus-arc/1.6.0.Final/quarkus-arc-1.6.0.Final.jar:/Users/jianhuilin/.m2/repository/io/quarkus/arc/arc/1.6.0.Final/arc-1.6.0.Final.jar:/Users/jianhuilin/.m2/repository/jakarta/transaction/jakarta.transaction-api/1.3.3/jakarta.transaction-api-1.3.3.jar:/Users/jianhuilin/.m2/repository/org/eclipse/microprofile/context-propagation/microprofile-context-propagation-api/1.0.1/microprofile-context-propagation-api-1.0.1.jar:/Users/jianhuilin/.m2/repository/io/quarkus/quarkus-resteasy-common/1.6.0.Final/quarkus-resteasy-common-1.6.0.Final.jar:/Users/jianhuilin/.m2/repository/org/jboss/resteasy/resteasy-core/4.5.5.Final/resteasy-core-4.5.5.Final.jar:/Users/jianhuilin/.m2/repository/org/jboss/spec/javax/ws/rs/jboss-jaxrs-api_2.1_spec/2.0.1.Final/jboss-jaxrs-api_2.1_spec-2.0.1.Final.jar:/Users/jianhuilin/.m2/repository/org/jboss/spec/javax/xml/bind/jboss-jaxb-api_2.3_spec/2.0.0.Final/jboss-jaxb-api_2.3_spec-2.0.0.Final.jar:/Users/jianhuilin/.m2/repository/org/jboss/resteasy/resteasy-core-spi/4.5.5.Final/resteasy-core-spi-4.5.5.Final.jar:/Users/jianhuilin/.m2/repository/com/ibm/async/asyncutil/0.1.0/asyncutil-0.1.0.jar:/Users/jianhuilin/.m2/repository/org/eclipse/microprofile/config/microprofile-config-api/1.4/microprofile-config-api-1.4.jar:/Users/jianhuilin/.m2/repository/com/sun/activation/jakarta.activation/1.2.1/jakarta.activation-1.2.1.jar:/Users/jianhuilin/.m2/repository/jakarta/validation/jakarta.validation-api/2.0.2/jakarta.validation-api-2.0.2.jar:/Users/jianhuilin/.m2/repository/io/quarkus/quarkus-junit5/1.6.0.Final/quarkus-junit5-1.6.0.Final.jar:/Users/jianhuilin/.m2/repository/io/quarkus/quarkus-bootstrap-core/1.6.0.Final/quarkus-bootstrap-core-1.6.0.Final.jar:/Users/jianhuilin/.m2/repository/io/quarkus/quarkus-bootstrap-app-model/1.6.0.Final/quarkus-bootstrap-app-model-1.6.0.Final.jar:/Users/jianhuilin/.m2/repository/io/quarkus/quarkus-bootstrap-maven-resolver/1.6.0.Final/quarkus-bootstrap-maven-resolver-1.6.0.Final.jar:/Users/jianhuilin/.m2/repository/org/ow2/asm/asm/8.0.1/asm-8.0.1.jar:/Users/jianhuilin/.m2/repository/org/apache/maven/maven-embedder/3.6.3/maven-embedder-3.6.3.jar:/Users/jianhuilin/.m2/repository/org/apache/maven/maven-settings/3.6.3/maven-settings-3.6.3.jar:/Users/jianhuilin/.m2/repository/org/apache/maven/maven-core/3.6.3/maven-core-3.6.3.jar:/Users/jianhuilin/.m2/repository/org/apache/maven/maven-artifact/3.6.3/maven-artifact-3.6.3.jar:/Users/jianhuilin/.m2/repository/org/codehaus/plexus/plexus-component-annotations/2.1.0/plexus-component-annotations-2.1.0.jar:/Users/jianhuilin/.m2/repository/org/apache/maven/maven-plugin-api/3.6.3/maven-plugin-api-3.6.3.jar:/Users/jianhuilin/.m2/repository/org/apache/maven/maven-model/3.6.3/maven-model-3.6.3.jar:/Users/jianhuilin/.m2/repository/org/apache/maven/maven-model-builder/3.6.3/maven-model-builder-3.6.3.jar:/Users/jianhuilin/.m2/repository/org/apache/maven/maven-builder-support/3.6.3/maven-builder-support-3.6.3.jar:/Users/jianhuilin/.m2/repository/org/apache/maven/resolver/maven-resolver-api/1.4.1/maven-resolver-api-1.4.1.jar:/Users/jianhuilin/.m2/repository/org/apache/maven/resolver/maven-resolver-util/1.4.1/maven-resolver-util-1.4.1.jar:/Users/jianhuilin/.m2/repository/org/apache/maven/shared/maven-shared-utils/3.2.1/maven-shared-utils-3.2.1.jar:/Users/jianhuilin/.m2/repository/commons-io/commons-io/2.6/commons-io-2.6.jar:/Users/jianhuilin/.m2/repository/com/google/inject/guice/4.2.1/guice-4.2.1-no_aop.jar:/Users/jianhuilin/.m2/repository/com/google/guava/guava/27.0.1-jre/guava-27.0.1-jre.jar:/Users/jianhuilin/.m2/repository/com/google/guava/failureaccess/1.0.1/failureaccess-1.0.1.jar:/Users/jianhuilin/.m2/repository/com/google/guava/listenablefuture/9999.0-empty-to-avoid-conflict-with-guava/listenablefuture-9999.0-empty-to-avoid-conflict-with-guava.jar:/Users/jianhuilin/.m2/repository/org/codehaus/plexus/plexus-utils/3.2.1/plexus-utils-3.2.1.jar:/Users/jianhuilin/.m2/repository/org/codehaus/plexus/plexus-classworlds/2.5.2/plexus-classworlds-2.5.2.jar:/Users/jianhuilin/.m2/repository/commons-cli/commons-cli/1.4/commons-cli-1.4.jar:/Users/jianhuilin/.m2/repository/org/eclipse/sisu/org.eclipse.sisu.plexus/0.3.4/org.eclipse.sisu.plexus-0.3.4.jar:/Users/jianhuilin/.m2/repository/org/apache/maven/maven-settings-builder/3.6.3/maven-settings-builder-3.6.3.jar:/Users/jianhuilin/.m2/repository/org/codehaus/plexus/plexus-interpolation/1.25/plexus-interpolation-1.25.jar:/Users/jianhuilin/.m2/repository/org/sonatype/plexus/plexus-sec-dispatcher/1.4/plexus-sec-dispatcher-1.4.jar:/Users/jianhuilin/.m2/repository/org/sonatype/plexus/plexus-cipher/1.4/plexus-cipher-1.4.jar:/Users/jianhuilin/.m2/repository/org/apache/maven/maven-resolver-provider/3.6.3/maven-resolver-provider-3.6.3.jar:/Users/jianhuilin/.m2/repository/org/apache/maven/maven-repository-metadata/3.6.3/maven-repository-metadata-3.6.3.jar:/Users/jianhuilin/.m2/repository/org/apache/maven/resolver/maven-resolver-spi/1.4.1/maven-resolver-spi-1.4.1.jar:/Users/jianhuilin/.m2/repository/org/apache/maven/resolver/maven-resolver-impl/1.4.1/maven-resolver-impl-1.4.1.jar:/Users/jianhuilin/.m2/repository/org/apache/maven/resolver/maven-resolver-connector-basic/1.4.1/maven-resolver-connector-basic-1.4.1.jar:/Users/jianhuilin/.m2/repository/org/apache/maven/resolver/maven-resolver-transport-wagon/1.4.1/maven-resolver-transport-wagon-1.4.1.jar:/Users/jianhuilin/.m2/repository/org/apache/maven/wagon/wagon-http/3.3.4/wagon-http-3.3.4.jar:/Users/jianhuilin/.m2/repository/org/apache/maven/wagon/wagon-http-shared/3.3.4/wagon-http-shared-3.3.4.jar:/Users/jianhuilin/.m2/repository/org/apache/maven/wagon/wagon-provider-api/3.3.4/wagon-provider-api-3.3.4.jar:/Users/jianhuilin/.m2/repository/org/apache/maven/wagon/wagon-file/3.3.4/wagon-file-3.3.4.jar:/Users/jianhuilin/.m2/repository/org/eclipse/sisu/org.eclipse.sisu.inject/0.3.4/org.eclipse.sisu.inject-0.3.4.jar:/Users/jianhuilin/.m2/repository/io/quarkus/quarkus-test-common/1.6.0.Final/quarkus-test-common-1.6.0.Final.jar:/Users/jianhuilin/.m2/repository/io/quarkus/quarkus-core-deployment/1.6.0.Final/quarkus-core-deployment-1.6.0.Final.jar:/Users/jianhuilin/.m2/repository/io/quarkus/gizmo/gizmo/1.0.3.Final/gizmo-1.0.3.Final.jar:/Users/jianhuilin/.m2/repository/org/ow2/asm/asm-util/8.0.1/asm-util-8.0.1.jar:/Users/jianhuilin/.m2/repository/org/ow2/asm/asm-tree/8.0.1/asm-tree-8.0.1.jar:/Users/jianhuilin/.m2/repository/org/ow2/asm/asm-analysis/8.0.1/asm-analysis-8.0.1.jar:/Users/jianhuilin/.m2/repository/io/quarkus/quarkus-devtools-utilities/1.6.0.Final/quarkus-devtools-utilities-1.6.0.Final.jar:/Users/jianhuilin/.m2/repository/io/quarkus/quarkus-builder/1.6.0.Final/quarkus-builder-1.6.0.Final.jar:/Users/jianhuilin/.m2/repository/io/quarkus/quarkus-jsonp-deployment/1.6.0.Final/quarkus-jsonp-deployment-1.6.0.Final.jar:/Users/jianhuilin/.m2/repository/io/quarkus/quarkus-jsonp/1.6.0.Final/quarkus-jsonp-1.6.0.Final.jar:/Users/jianhuilin/.m2/repository/org/glassfish/jakarta.json/1.1.6/jakarta.json-1.1.6.jar:/Users/jianhuilin/.m2/repository/org/jboss/jandex/2.1.3.Final/jandex-2.1.3.Final.jar:/Users/jianhuilin/.m2/repository/org/jboss/logging/commons-logging-jboss-logging/1.0.0.Final/commons-logging-jboss-logging-1.0.0.Final.jar:/Users/jianhuilin/.m2/repository/org/junit/jupiter/junit-jupiter/5.6.2/junit-jupiter-5.6.2.jar:/Users/jianhuilin/.m2/repository/org/junit/jupiter/junit-jupiter-api/5.6.2/junit-jupiter-api-5.6.2.jar:/Users/jianhuilin/.m2/repository/org/apiguardian/apiguardian-api/1.1.0/apiguardian-api-1.1.0.jar:/Users/jianhuilin/.m2/repository/org/opentest4j/opentest4j/1.2.0/opentest4j-1.2.0.jar:/Users/jianhuilin/.m2/repository/org/junit/platform/junit-platform-commons/1.6.2/junit-platform-commons-1.6.2.jar:/Users/jianhuilin/.m2/repository/org/junit/jupiter/junit-jupiter-params/5.6.2/junit-jupiter-params-5.6.2.jar:/Users/jianhuilin/.m2/repository/org/junit/jupiter/junit-jupiter-engine/5.6.2/junit-jupiter-engine-5.6.2.jar:/Users/jianhuilin/.m2/repository/org/junit/platform/junit-platform-engine/1.6.2/junit-platform-engine-1.6.2.jar:/Users/jianhuilin/.m2/repository/io/quarkus/quarkus-core/1.6.0.Final/quarkus-core-1.6.0.Final.jar:/Users/jianhuilin/.m2/repository/jakarta/annotation/jakarta.annotation-api/1.3.5/jakarta.annotation-api-1.3.5.jar:/Users/jianhuilin/.m2/repository/jakarta/inject/jakarta.inject-api/1.0/jakarta.inject-api-1.0.jar:/Users/jianhuilin/.m2/repository/io/quarkus/quarkus-ide-launcher/1.6.0.Final/quarkus-ide-launcher-1.6.0.Final.jar:/Users/jianhuilin/.m2/repository/io/smallrye/config/smallrye-config/1.8.1/smallrye-config-1.8.1.jar:/Users/jianhuilin/.m2/repository/io/smallrye/common/smallrye-common-annotation/1.0.2/smallrye-common-annotation-1.0.2.jar:/Users/jianhuilin/.m2/repository/io/smallrye/config/smallrye-config-common/1.8.1/smallrye-config-common-1.8.1.jar:/Users/jianhuilin/.m2/repository/io/smallrye/common/smallrye-common-expression/1.0.2/smallrye-common-expression-1.0.2.jar:/Users/jianhuilin/.m2/repository/io/smallrye/common/smallrye-common-function/1.0.2/smallrye-common-function-1.0.2.jar:/Users/jianhuilin/.m2/repository/io/smallrye/common/smallrye-common-constraint/1.0.2/smallrye-common-constraint-1.0.2.jar:/Users/jianhuilin/.m2/repository/org/jboss/logging/jboss-logging/3.3.2.Final/jboss-logging-3.3.2.Final.jar:/Users/jianhuilin/.m2/repository/org/jboss/logmanager/jboss-logmanager-embedded/1.0.4/jboss-logmanager-embedded-1.0.4.jar:/Users/jianhuilin/.m2/repository/org/jboss/logging/jboss-logging-annotations/2.1.0.Final/jboss-logging-annotations-2.1.0.Final.jar:/Users/jianhuilin/.m2/repository/org/jboss/threads/jboss-threads/3.1.1.Final/jboss-threads-3.1.1.Final.jar:/Users/jianhuilin/.m2/repository/org/slf4j/slf4j-api/1.7.30/slf4j-api-1.7.30.jar:/Users/jianhuilin/.m2/repository/org/jboss/slf4j/slf4j-jboss-logging/1.2.0.Final/slf4j-jboss-logging-1.2.0.Final.jar:/Users/jianhuilin/.m2/repository/org/graalvm/sdk/graal-sdk/20.1.0/graal-sdk-20.1.0.jar:/Users/jianhuilin/.m2/repository/org/wildfly/common/wildfly-common/1.5.4.Final-format-001/wildfly-common-1.5.4.Final-format-001.jar:/Users/jianhuilin/.m2/repository/io/quarkus/quarkus-bootstrap-runner/1.6.0.Final/quarkus-bootstrap-runner-1.6.0.Final.jar:/Users/jianhuilin/.m2/repository/com/thoughtworks/xstream/xstream/1.4.11.1/xstream-1.4.11.1.jar:/Users/jianhuilin/.m2/repository/xmlpull/xmlpull/1.1.3.1/xmlpull-1.1.3.1.jar:/Users/jianhuilin/.m2/repository/xpp3/xpp3_min/1.1.4c/xpp3_min-1.1.4c.jar:/Users/jianhuilin/.m2/repository/io/rest-assured/rest-assured/4.3.0/rest-assured-4.3.0.jar:/Users/jianhuilin/.m2/repository/org/codehaus/groovy/groovy/3.0.2/groovy-3.0.2.jar:/Users/jianhuilin/.m2/repository/org/codehaus/groovy/groovy-xml/3.0.2/groovy-xml-3.0.2.jar:/Users/jianhuilin/.m2/repository/org/apache/httpcomponents/httpclient/4.5.12/httpclient-4.5.12.jar:/Users/jianhuilin/.m2/repository/org/apache/httpcomponents/httpcore/4.4.13/httpcore-4.4.13.jar:/Users/jianhuilin/.m2/repository/commons-codec/commons-codec/1.14/commons-codec-1.14.jar:/Users/jianhuilin/.m2/repository/org/apache/httpcomponents/httpmime/4.5.3/httpmime-4.5.3.jar:/Users/jianhuilin/.m2/repository/org/hamcrest/hamcrest/2.1/hamcrest-2.1.jar:/Users/jianhuilin/.m2/repository/org/ccil/cowan/tagsoup/tagsoup/1.2.1/tagsoup-1.2.1.jar:/Users/jianhuilin/.m2/repository/io/rest-assured/json-path/4.3.0/json-path-4.3.0.jar:/Users/jianhuilin/.m2/repository/org/codehaus/groovy/groovy-json/3.0.2/groovy-json-3.0.2.jar:/Users/jianhuilin/.m2/repository/io/rest-assured/rest-assured-common/4.3.0/rest-assured-common-4.3.0.jar:/Users/jianhuilin/.m2/repository/io/rest-assured/xml-path/4.3.0/xml-path-4.3.0.jar:/Users/jianhuilin/.m2/repository/org/apache/commons/commons-lang3/3.9/commons-lang3-3.9.jar:/Users/jianhuilin/.m2/repository/jakarta/xml/bind/jakarta.xml.bind-api/2.3.2/jakarta.xml.bind-api-2.3.2.jar:/Users/jianhuilin/.m2/repository/jakarta/activation/jakarta.activation-api/1.2.1/jakarta.activation-api-1.2.1.jar:/Users/jianhuilin/.m2/repository/org/apache/sling/org.apache.sling.javax.activation/0.1.0/org.apache.sling.javax.activation-0.1.0.jar:/Users/jianhuilin/.m2/repository/org/elasticsearch/client/elasticsearch-rest-high-level-client/7.8.0/elasticsearch-rest-high-level-client-7.8.0.jar:/Users/jianhuilin/.m2/repository/org/elasticsearch/elasticsearch/7.8.0/elasticsearch-7.8.0.jar:/Users/jianhuilin/.m2/repository/org/elasticsearch/elasticsearch-core/7.8.0/elasticsearch-core-7.8.0.jar:/Users/jianhuilin/.m2/repository/org/elasticsearch/elasticsearch-secure-sm/7.8.0/elasticsearch-secure-sm-7.8.0.jar:/Users/jianhuilin/.m2/repository/org/elasticsearch/elasticsearch-x-content/7.8.0/elasticsearch-x-content-7.8.0.jar:/Users/jianhuilin/.m2/repository/org/yaml/snakeyaml/1.26/snakeyaml-1.26.jar:/Users/jianhuilin/.m2/repository/com/fasterxml/jackson/dataformat/jackson-dataformat-smile/2.10.4/jackson-dataformat-smile-2.10.4.jar:/Users/jianhuilin/.m2/repository/com/fasterxml/jackson/dataformat/jackson-dataformat-yaml/2.10.4/jackson-dataformat-yaml-2.10.4.jar:/Users/jianhuilin/.m2/repository/com/fasterxml/jackson/dataformat/jackson-dataformat-cbor/2.10.4/jackson-dataformat-cbor-2.10.4.jar:/Users/jianhuilin/.m2/repository/org/elasticsearch/elasticsearch-geo/7.8.0/elasticsearch-geo-7.8.0.jar:/Users/jianhuilin/.m2/repository/org/apache/lucene/lucene-core/8.5.1/lucene-core-8.5.1.jar:/Users/jianhuilin/.m2/repository/org/apache/lucene/lucene-analyzers-common/8.5.1/lucene-analyzers-common-8.5.1.jar:/Users/jianhuilin/.m2/repository/org/apache/lucene/lucene-backward-codecs/8.5.1/lucene-backward-codecs-8.5.1.jar:/Users/jianhuilin/.m2/repository/org/apache/lucene/lucene-grouping/8.5.1/lucene-grouping-8.5.1.jar:/Users/jianhuilin/.m2/repository/org/apache/lucene/lucene-highlighter/8.5.1/lucene-highlighter-8.5.1.jar:/Users/jianhuilin/.m2/repository/org/apache/lucene/lucene-join/8.5.1/lucene-join-8.5.1.jar:/Users/jianhuilin/.m2/repository/org/apache/lucene/lucene-memory/8.5.1/lucene-memory-8.5.1.jar:/Users/jianhuilin/.m2/repository/org/apache/lucene/lucene-misc/8.5.1/lucene-misc-8.5.1.jar:/Users/jianhuilin/.m2/repository/org/apache/lucene/lucene-queries/8.5.1/lucene-queries-8.5.1.jar:/Users/jianhuilin/.m2/repository/org/apache/lucene/lucene-queryparser/8.5.1/lucene-queryparser-8.5.1.jar:/Users/jianhuilin/.m2/repository/org/apache/lucene/lucene-sandbox/8.5.1/lucene-sandbox-8.5.1.jar:/Users/jianhuilin/.m2/repository/org/apache/lucene/lucene-spatial-extras/8.5.1/lucene-spatial-extras-8.5.1.jar:/Users/jianhuilin/.m2/repository/org/apache/lucene/lucene-spatial3d/8.5.1/lucene-spatial3d-8.5.1.jar:/Users/jianhuilin/.m2/repository/org/apache/lucene/lucene-suggest/8.5.1/lucene-suggest-8.5.1.jar:/Users/jianhuilin/.m2/repository/org/elasticsearch/elasticsearch-cli/7.8.0/elasticsearch-cli-7.8.0.jar:/Users/jianhuilin/.m2/repository/net/sf/jopt-simple/jopt-simple/5.0.2/jopt-simple-5.0.2.jar:/Users/jianhuilin/.m2/repository/com/carrotsearch/hppc/0.8.1/hppc-0.8.1.jar:/Users/jianhuilin/.m2/repository/joda-time/joda-time/2.10.4/joda-time-2.10.4.jar:/Users/jianhuilin/.m2/repository/com/tdunning/t-digest/3.2/t-digest-3.2.jar:/Users/jianhuilin/.m2/repository/org/hdrhistogram/HdrHistogram/2.1.9/HdrHistogram-2.1.9.jar:/Users/jianhuilin/.m2/repository/org/apache/logging/log4j/log4j-api/2.11.1/log4j-api-2.11.1.jar:/Users/jianhuilin/.m2/repository/org/elasticsearch/jna/4.5.1/jna-4.5.1.jar:/Users/jianhuilin/.m2/repository/org/elasticsearch/client/elasticsearch-rest-client/7.7.0/elasticsearch-rest-client-7.7.0.jar:/Users/jianhuilin/.m2/repository/org/apache/httpcomponents/httpasyncclient/4.1.4/httpasyncclient-4.1.4.jar:/Users/jianhuilin/.m2/repository/org/apache/httpcomponents/httpcore-nio/4.4.13/httpcore-nio-4.4.13.jar:/Users/jianhuilin/.m2/repository/commons-logging/commons-logging/1.1.3/commons-logging-1.1.3.jar:/Users/jianhuilin/.m2/repository/org/elasticsearch/plugin/mapper-extras-client/7.8.0/mapper-extras-client-7.8.0.jar:/Users/jianhuilin/.m2/repository/org/elasticsearch/plugin/parent-join-client/7.8.0/parent-join-client-7.8.0.jar:/Users/jianhuilin/.m2/repository/org/elasticsearch/plugin/aggs-matrix-stats-client/7.8.0/aggs-matrix-stats-client-7.8.0.jar:/Users/jianhuilin/.m2/repository/org/elasticsearch/plugin/rank-eval-client/7.8.0/rank-eval-client-7.8.0.jar:/Users/jianhuilin/.m2/repository/org/elasticsearch/plugin/lang-mustache-client/7.8.0/lang-mustache-client-7.8.0.jar:/Users/jianhuilin/.m2/repository/com/github/spullara/mustache/java/compiler/0.9.6/compiler-0.9.6.jar:/Users/jianhuilin/.m2/repository/com/fasterxml/jackson/core/jackson-databind/2.11.1/jackson-databind-2.11.1.jar:/Users/jianhuilin/.m2/repository/com/fasterxml/jackson/core/jackson-annotations/2.10.4/jackson-annotations-2.10.4.jar:/Users/jianhuilin/.m2/repository/com/fasterxml/jackson/core/jackson-core/2.10.4/jackson-core-2.10.4.jar:/Users/jianhuilin/.m2/repository/org/jsoup/jsoup/1.13.1/jsoup-1.13.1.jar:"/>
    <property name="java.vm.vendor" value="Oracle Corporation"/>
    <property name="sun.arch.data.model" value="64"/>
    <property name="java.vendor.url" value="http://java.oracle.com/"/>
    <property name="user.timezone" value=""/>
    <property name="java.vm.specification.version" value="11"/>
    <property name="os.name" value="Mac OS X"/>
    <property name="sun.java.launcher" value="SUN_STANDARD"/>
    <property name="user.country" value="US"/>
    <property name="sun.boot.library.path" value="/Library/Java/JavaVirtualMachines/jdk-11.0.6.jdk/Contents/Home/lib"/>
    <property name="sun.java.command" value="/Users/jianhuilin/Downloads/code-with-quarkus/target/surefire/surefirebooter12157945150554428244.jar /Users/jianhuilin/Downloads/code-with-quarkus/target/surefire 2020-07-18T22-42-40_677-jvmRun1 surefire15190332389199098470tmp surefire_04141386667397305109tmp"/>
    <property name="http.nonProxyHosts" value="local|*.local|169.254/16|*.169.254/16"/>
    <property name="jdk.debug" value="release"/>
    <property name="maven.home" value="/Users/jianhuilin/Maven/apache-maven-3.6.3"/>
    <property name="surefire.test.class.path" value="/Users/jianhuilin/Downloads/code-with-quarkus/target/test-classes:/Users/jianhuilin/Downloads/code-with-quarkus/target/classes:/Users/jianhuilin/.m2/repository/io/quarkus/quarkus-resteasy/1.6.0.Final/quarkus-resteasy-1.6.0.Final.jar:/Users/jianhuilin/.m2/repository/io/quarkus/quarkus-vertx-http/1.6.0.Final/quarkus-vertx-http-1.6.0.Final.jar:/Users/jianhuilin/.m2/repository/io/quarkus/quarkus-development-mode-spi/1.6.0.Final/quarkus-development-mode-spi-1.6.0.Final.jar:/Users/jianhuilin/.m2/repository/io/quarkus/security/quarkus-security/1.1.2.Final/quarkus-security-1.1.2.Final.jar:/Users/jianhuilin/.m2/repository/io/smallrye/reactive/mutiny/0.5.4/mutiny-0.5.4.jar:/Users/jianhuilin/.m2/repository/org/reactivestreams/reactive-streams/1.0.3/reactive-streams-1.0.3.jar:/Users/jianhuilin/.m2/repository/jakarta/enterprise/jakarta.enterprise.cdi-api/2.0.2/jakarta.enterprise.cdi-api-2.0.2.jar:/Users/jianhuilin/.m2/repository/jakarta/el/jakarta.el-api/3.0.3/jakarta.el-api-3.0.3.jar:/Users/jianhuilin/.m2/repository/jakarta/interceptor/jakarta.interceptor-api/1.2.5/jakarta.interceptor-api-1.2.5.jar:/Users/jianhuilin/.m2/repository/io/quarkus/quarkus-vertx-core/1.6.0.Final/quarkus-vertx-core-1.6.0.Final.jar:/Users/jianhuilin/.m2/repository/io/quarkus/quarkus-netty/1.6.0.Final/quarkus-netty-1.6.0.Final.jar:/Users/jianhuilin/.m2/repository/io/netty/netty-codec/4.1.49.Final/netty-codec-4.1.49.Final.jar:/Users/jianhuilin/.m2/repository/io/netty/netty-handler/4.1.49.Final/netty-handler-4.1.49.Final.jar:/Users/jianhuilin/.m2/repository/io/vertx/vertx-core/3.9.1/vertx-core-3.9.1.jar:/Users/jianhuilin/.m2/repository/io/netty/netty-common/4.1.49.Final/netty-common-4.1.49.Final.jar:/Users/jianhuilin/.m2/repository/io/netty/netty-buffer/4.1.49.Final/netty-buffer-4.1.49.Final.jar:/Users/jianhuilin/.m2/repository/io/netty/netty-transport/4.1.49.Final/netty-transport-4.1.49.Final.jar:/Users/jianhuilin/.m2/repository/io/netty/netty-handler-proxy/4.1.49.Final/netty-handler-proxy-4.1.49.Final.jar:/Users/jianhuilin/.m2/repository/io/netty/netty-codec-socks/4.1.49.Final/netty-codec-socks-4.1.49.Final.jar:/Users/jianhuilin/.m2/repository/io/netty/netty-codec-http/4.1.49.Final/netty-codec-http-4.1.49.Final.jar:/Users/jianhuilin/.m2/repository/io/netty/netty-codec-http2/4.1.49.Final/netty-codec-http2-4.1.49.Final.jar:/Users/jianhuilin/.m2/repository/io/netty/netty-resolver/4.1.49.Final/netty-resolver-4.1.49.Final.jar:/Users/jianhuilin/.m2/repository/io/netty/netty-resolver-dns/4.1.49.Final/netty-resolver-dns-4.1.49.Final.jar:/Users/jianhuilin/.m2/repository/io/netty/netty-codec-dns/4.1.49.Final/netty-codec-dns-4.1.49.Final.jar:/Users/jianhuilin/.m2/repository/io/vertx/vertx-web/3.9.1/vertx-web-3.9.1.jar:/Users/jianhuilin/.m2/repository/io/vertx/vertx-web-common/3.9.1/vertx-web-common-3.9.1.jar:/Users/jianhuilin/.m2/repository/io/vertx/vertx-auth-common/3.9.1/vertx-auth-common-3.9.1.jar:/Users/jianhuilin/.m2/repository/io/vertx/vertx-bridge-common/3.9.1/vertx-bridge-common-3.9.1.jar:/Users/jianhuilin/.m2/repository/io/quarkus/quarkus-resteasy-server-common/1.6.0.Final/quarkus-resteasy-server-common-1.6.0.Final.jar:/Users/jianhuilin/.m2/repository/io/quarkus/quarkus-arc/1.6.0.Final/quarkus-arc-1.6.0.Final.jar:/Users/jianhuilin/.m2/repository/io/quarkus/arc/arc/1.6.0.Final/arc-1.6.0.Final.jar:/Users/jianhuilin/.m2/repository/jakarta/transaction/jakarta.transaction-api/1.3.3/jakarta.transaction-api-1.3.3.jar:/Users/jianhuilin/.m2/repository/org/eclipse/microprofile/context-propagation/microprofile-context-propagation-api/1.0.1/microprofile-context-propagation-api-1.0.1.jar:/Users/jianhuilin/.m2/repository/io/quarkus/quarkus-resteasy-common/1.6.0.Final/quarkus-resteasy-common-1.6.0.Final.jar:/Users/jianhuilin/.m2/repository/org/jboss/resteasy/resteasy-core/4.5.5.Final/resteasy-core-4.5.5.Final.jar:/Users/jianhuilin/.m2/repository/org/jboss/spec/javax/ws/rs/jboss-jaxrs-api_2.1_spec/2.0.1.Final/jboss-jaxrs-api_2.1_spec-2.0.1.Final.jar:/Users/jianhuilin/.m2/repository/org/jboss/spec/javax/xml/bind/jboss-jaxb-api_2.3_spec/2.0.0.Final/jboss-jaxb-api_2.3_spec-2.0.0.Final.jar:/Users/jianhuilin/.m2/repository/org/jboss/resteasy/resteasy-core-spi/4.5.5.Final/resteasy-core-spi-4.5.5.Final.jar:/Users/jianhuilin/.m2/repository/com/ibm/async/asyncutil/0.1.0/asyncutil-0.1.0.jar:/Users/jianhuilin/.m2/repository/org/eclipse/microprofile/config/microprofile-config-api/1.4/microprofile-config-api-1.4.jar:/Users/jianhuilin/.m2/repository/com/sun/activation/jakarta.activation/1.2.1/jakarta.activation-1.2.1.jar:/Users/jianhuilin/.m2/repository/jakarta/validation/jakarta.validation-api/2.0.2/jakarta.validation-api-2.0.2.jar:/Users/jianhuilin/.m2/repository/io/quarkus/quarkus-junit5/1.6.0.Final/quarkus-junit5-1.6.0.Final.jar:/Users/jianhuilin/.m2/repository/io/quarkus/quarkus-bootstrap-core/1.6.0.Final/quarkus-bootstrap-core-1.6.0.Final.jar:/Users/jianhuilin/.m2/repository/io/quarkus/quarkus-bootstrap-app-model/1.6.0.Final/quarkus-bootstrap-app-model-1.6.0.Final.jar:/Users/jianhuilin/.m2/repository/io/quarkus/quarkus-bootstrap-maven-resolver/1.6.0.Final/quarkus-bootstrap-maven-resolver-1.6.0.Final.jar:/Users/jianhuilin/.m2/repository/org/ow2/asm/asm/8.0.1/asm-8.0.1.jar:/Users/jianhuilin/.m2/repository/org/apache/maven/maven-embedder/3.6.3/maven-embedder-3.6.3.jar:/Users/jianhuilin/.m2/repository/org/apache/maven/maven-settings/3.6.3/maven-settings-3.6.3.jar:/Users/jianhuilin/.m2/repository/org/apache/maven/maven-core/3.6.3/maven-core-3.6.3.jar:/Users/jianhuilin/.m2/repository/org/apache/maven/maven-artifact/3.6.3/maven-artifact-3.6.3.jar:/Users/jianhuilin/.m2/repository/org/codehaus/plexus/plexus-component-annotations/2.1.0/plexus-component-annotations-2.1.0.jar:/Users/jianhuilin/.m2/repository/org/apache/maven/maven-plugin-api/3.6.3/maven-plugin-api-3.6.3.jar:/Users/jianhuilin/.m2/repository/org/apache/maven/maven-model/3.6.3/maven-model-3.6.3.jar:/Users/jianhuilin/.m2/repository/org/apache/maven/maven-model-builder/3.6.3/maven-model-builder-3.6.3.jar:/Users/jianhuilin/.m2/repository/org/apache/maven/maven-builder-support/3.6.3/maven-builder-support-3.6.3.jar:/Users/jianhuilin/.m2/repository/org/apache/maven/resolver/maven-resolver-api/1.4.1/maven-resolver-api-1.4.1.jar:/Users/jianhuilin/.m2/repository/org/apache/maven/resolver/maven-resolver-util/1.4.1/maven-resolver-util-1.4.1.jar:/Users/jianhuilin/.m2/repository/org/apache/maven/shared/maven-shared-utils/3.2.1/maven-shared-utils-3.2.1.jar:/Users/jianhuilin/.m2/repository/commons-io/commons-io/2.6/commons-io-2.6.jar:/Users/jianhuilin/.m2/repository/com/google/inject/guice/4.2.1/guice-4.2.1-no_aop.jar:/Users/jianhuilin/.m2/repository/com/google/guava/guava/27.0.1-jre/guava-27.0.1-jre.jar:/Users/jianhuilin/.m2/repository/com/google/guava/failureaccess/1.0.1/failureaccess-1.0.1.jar:/Users/jianhuilin/.m2/repository/com/google/guava/listenablefuture/9999.0-empty-to-avoid-conflict-with-guava/listenablefuture-9999.0-empty-to-avoid-conflict-with-guava.jar:/Users/jianhuilin/.m2/repository/org/codehaus/plexus/plexus-utils/3.2.1/plexus-utils-3.2.1.jar:/Users/jianhuilin/.m2/repository/org/codehaus/plexus/plexus-classworlds/2.5.2/plexus-classworlds-2.5.2.jar:/Users/jianhuilin/.m2/repository/commons-cli/commons-cli/1.4/commons-cli-1.4.jar:/Users/jianhuilin/.m2/repository/org/eclipse/sisu/org.eclipse.sisu.plexus/0.3.4/org.eclipse.sisu.plexus-0.3.4.jar:/Users/jianhuilin/.m2/repository/org/apache/maven/maven-settings-builder/3.6.3/maven-settings-builder-3.6.3.jar:/Users/jianhuilin/.m2/repository/org/codehaus/plexus/plexus-interpolation/1.25/plexus-interpolation-1.25.jar:/Users/jianhuilin/.m2/repository/org/sonatype/plexus/plexus-sec-dispatcher/1.4/plexus-sec-dispatcher-1.4.jar:/Users/jianhuilin/.m2/repository/org/sonatype/plexus/plexus-cipher/1.4/plexus-cipher-1.4.jar:/Users/jianhuilin/.m2/repository/org/apache/maven/maven-resolver-provider/3.6.3/maven-resolver-provider-3.6.3.jar:/Users/jianhuilin/.m2/repository/org/apache/maven/maven-repository-metadata/3.6.3/maven-repository-metadata-3.6.3.jar:/Users/jianhuilin/.m2/repository/org/apache/maven/resolver/maven-resolver-spi/1.4.1/maven-resolver-spi-1.4.1.jar:/Users/jianhuilin/.m2/repository/org/apache/maven/resolver/maven-resolver-impl/1.4.1/maven-resolver-impl-1.4.1.jar:/Users/jianhuilin/.m2/repository/org/apache/maven/resolver/maven-resolver-connector-basic/1.4.1/maven-resolver-connector-basic-1.4.1.jar:/Users/jianhuilin/.m2/repository/org/apache/maven/resolver/maven-resolver-transport-wagon/1.4.1/maven-resolver-transport-wagon-1.4.1.jar:/Users/jianhuilin/.m2/repository/org/apache/maven/wagon/wagon-http/3.3.4/wagon-http-3.3.4.jar:/Users/jianhuilin/.m2/repository/org/apache/maven/wagon/wagon-http-shared/3.3.4/wagon-http-shared-3.3.4.jar:/Users/jianhuilin/.m2/repository/org/apache/maven/wagon/wagon-provider-api/3.3.4/wagon-provider-api-3.3.4.jar:/Users/jianhuilin/.m2/repository/org/apache/maven/wagon/wagon-file/3.3.4/wagon-file-3.3.4.jar:/Users/jianhuilin/.m2/repository/org/eclipse/sisu/org.eclipse.sisu.inject/0.3.4/org.eclipse.sisu.inject-0.3.4.jar:/Users/jianhuilin/.m2/repository/io/quarkus/quarkus-test-common/1.6.0.Final/quarkus-test-common-1.6.0.Final.jar:/Users/jianhuilin/.m2/repository/io/quarkus/quarkus-core-deployment/1.6.0.Final/quarkus-core-deployment-1.6.0.Final.jar:/Users/jianhuilin/.m2/repository/io/quarkus/gizmo/gizmo/1.0.3.Final/gizmo-1.0.3.Final.jar:/Users/jianhuilin/.m2/repository/org/ow2/asm/asm-util/8.0.1/asm-util-8.0.1.jar:/Users/jianhuilin/.m2/repository/org/ow2/asm/asm-tree/8.0.1/asm-tree-8.0.1.jar:/Users/jianhuilin/.m2/repository/org/ow2/asm/asm-analysis/8.0.1/asm-analysis-8.0.1.jar:/Users/jianhuilin/.m2/repository/io/quarkus/quarkus-devtools-utilities/1.6.0.Final/quarkus-devtools-utilities-1.6.0.Final.jar:/Users/jianhuilin/.m2/repository/io/quarkus/quarkus-builder/1.6.0.Final/quarkus-builder-1.6.0.Final.jar:/Users/jianhuilin/.m2/repository/io/quarkus/quarkus-jsonp-deployment/1.6.0.Final/quarkus-jsonp-deployment-1.6.0.Final.jar:/Users/jianhuilin/.m2/repository/io/quarkus/quarkus-jsonp/1.6.0.Final/quarkus-jsonp-1.6.0.Final.jar:/Users/jianhuilin/.m2/repository/org/glassfish/jakarta.json/1.1.6/jakarta.json-1.1.6.jar:/Users/jianhuilin/.m2/repository/org/jboss/jandex/2.1.3.Final/jandex-2.1.3.Final.jar:/Users/jianhuilin/.m2/repository/org/jboss/logging/commons-logging-jboss-logging/1.0.0.Final/commons-logging-jboss-logging-1.0.0.Final.jar:/Users/jianhuilin/.m2/repository/org/junit/jupiter/junit-jupiter/5.6.2/junit-jupiter-5.6.2.jar:/Users/jianhuilin/.m2/repository/org/junit/jupiter/junit-jupiter-api/5.6.2/junit-jupiter-api-5.6.2.jar:/Users/jianhuilin/.m2/repository/org/apiguardian/apiguardian-api/1.1.0/apiguardian-api-1.1.0.jar:/Users/jianhuilin/.m2/repository/org/opentest4j/opentest4j/1.2.0/opentest4j-1.2.0.jar:/Users/jianhuilin/.m2/repository/org/junit/platform/junit-platform-commons/1.6.2/junit-platform-commons-1.6.2.jar:/Users/jianhuilin/.m2/repository/org/junit/jupiter/junit-jupiter-params/5.6.2/junit-jupiter-params-5.6.2.jar:/Users/jianhuilin/.m2/repository/org/junit/jupiter/junit-jupiter-engine/5.6.2/junit-jupiter-engine-5.6.2.jar:/Users/jianhuilin/.m2/repository/org/junit/platform/junit-platform-engine/1.6.2/junit-platform-engine-1.6.2.jar:/Users/jianhuilin/.m2/repository/io/quarkus/quarkus-core/1.6.0.Final/quarkus-core-1.6.0.Final.jar:/Users/jianhuilin/.m2/repository/jakarta/annotation/jakarta.annotation-api/1.3.5/jakarta.annotation-api-1.3.5.jar:/Users/jianhuilin/.m2/repository/jakarta/inject/jakarta.inject-api/1.0/jakarta.inject-api-1.0.jar:/Users/jianhuilin/.m2/repository/io/quarkus/quarkus-ide-launcher/1.6.0.Final/quarkus-ide-launcher-1.6.0.Final.jar:/Users/jianhuilin/.m2/repository/io/smallrye/config/smallrye-config/1.8.1/smallrye-config-1.8.1.jar:/Users/jianhuilin/.m2/repository/io/smallrye/common/smallrye-common-annotation/1.0.2/smallrye-common-annotation-1.0.2.jar:/Users/jianhuilin/.m2/repository/io/smallrye/config/smallrye-config-common/1.8.1/smallrye-config-common-1.8.1.jar:/Users/jianhuilin/.m2/repository/io/smallrye/common/smallrye-common-expression/1.0.2/smallrye-common-expression-1.0.2.jar:/Users/jianhuilin/.m2/repository/io/smallrye/common/smallrye-common-function/1.0.2/smallrye-common-function-1.0.2.jar:/Users/jianhuilin/.m2/repository/io/smallrye/common/smallrye-common-constraint/1.0.2/smallrye-common-constraint-1.0.2.jar:/Users/jianhuilin/.m2/repository/org/jboss/logging/jboss-logging/3.3.2.Final/jboss-logging-3.3.2.Final.jar:/Users/jianhuilin/.m2/repository/org/jboss/logmanager/jboss-logmanager-embedded/1.0.4/jboss-logmanager-embedded-1.0.4.jar:/Users/jianhuilin/.m2/repository/org/jboss/logging/jboss-logging-annotations/2.1.0.Final/jboss-logging-annotations-2.1.0.Final.jar:/Users/jianhuilin/.m2/repository/org/jboss/threads/jboss-threads/3.1.1.Final/jboss-threads-3.1.1.Final.jar:/Users/jianhuilin/.m2/repository/org/slf4j/slf4j-api/1.7.30/slf4j-api-1.7.30.jar:/Users/jianhuilin/.m2/repository/org/jboss/slf4j/slf4j-jboss-logging/1.2.0.Final/slf4j-jboss-logging-1.2.0.Final.jar:/Users/jianhuilin/.m2/repository/org/graalvm/sdk/graal-sdk/20.1.0/graal-sdk-20.1.0.jar:/Users/jianhuilin/.m2/repository/org/wildfly/common/wildfly-common/1.5.4.Final-format-001/wildfly-common-1.5.4.Final-format-001.jar:/Users/jianhuilin/.m2/repository/io/quarkus/quarkus-bootstrap-runner/1.6.0.Final/quarkus-bootstrap-runner-1.6.0.Final.jar:/Users/jianhuilin/.m2/repository/com/thoughtworks/xstream/xstream/1.4.11.1/xstream-1.4.11.1.jar:/Users/jianhuilin/.m2/repository/xmlpull/xmlpull/1.1.3.1/xmlpull-1.1.3.1.jar:/Users/jianhuilin/.m2/repository/xpp3/xpp3_min/1.1.4c/xpp3_min-1.1.4c.jar:/Users/jianhuilin/.m2/repository/io/rest-assured/rest-assured/4.3.0/rest-assured-4.3.0.jar:/Users/jianhuilin/.m2/repository/org/codehaus/groovy/groovy/3.0.2/groovy-3.0.2.jar:/Users/jianhuilin/.m2/repository/org/codehaus/groovy/groovy-xml/3.0.2/groovy-xml-3.0.2.jar:/Users/jianhuilin/.m2/repository/org/apache/httpcomponents/httpclient/4.5.12/httpclient-4.5.12.jar:/Users/jianhuilin/.m2/repository/org/apache/httpcomponents/httpcore/4.4.13/httpcore-4.4.13.jar:/Users/jianhuilin/.m2/repository/commons-codec/commons-codec/1.14/commons-codec-1.14.jar:/Users/jianhuilin/.m2/repository/org/apache/httpcomponents/httpmime/4.5.3/httpmime-4.5.3.jar:/Users/jianhuilin/.m2/repository/org/hamcrest/hamcrest/2.1/hamcrest-2.1.jar:/Users/jianhuilin/.m2/repository/org/ccil/cowan/tagsoup/tagsoup/1.2.1/tagsoup-1.2.1.jar:/Users/jianhuilin/.m2/repository/io/rest-assured/json-path/4.3.0/json-path-4.3.0.jar:/Users/jianhuilin/.m2/repository/org/codehaus/groovy/groovy-json/3.0.2/groovy-json-3.0.2.jar:/Users/jianhuilin/.m2/repository/io/rest-assured/rest-assured-common/4.3.0/rest-assured-common-4.3.0.jar:/Users/jianhuilin/.m2/repository/io/rest-assured/xml-path/4.3.0/xml-path-4.3.0.jar:/Users/jianhuilin/.m2/repository/org/apache/commons/commons-lang3/3.9/commons-lang3-3.9.jar:/Users/jianhuilin/.m2/repository/jakarta/xml/bind/jakarta.xml.bind-api/2.3.2/jakarta.xml.bind-api-2.3.2.jar:/Users/jianhuilin/.m2/repository/jakarta/activation/jakarta.activation-api/1.2.1/jakarta.activation-api-1.2.1.jar:/Users/jianhuilin/.m2/repository/org/apache/sling/org.apache.sling.javax.activation/0.1.0/org.apache.sling.javax.activation-0.1.0.jar:/Users/jianhuilin/.m2/repository/org/elasticsearch/client/elasticsearch-rest-high-level-client/7.8.0/elasticsearch-rest-high-level-client-7.8.0.jar:/Users/jianhuilin/.m2/repository/org/elasticsearch/elasticsearch/7.8.0/elasticsearch-7.8.0.jar:/Users/jianhuilin/.m2/repository/org/elasticsearch/elasticsearch-core/7.8.0/elasticsearch-core-7.8.0.jar:/Users/jianhuilin/.m2/repository/org/elasticsearch/elasticsearch-secure-sm/7.8.0/elasticsearch-secure-sm-7.8.0.jar:/Users/jianhuilin/.m2/repository/org/elasticsearch/elasticsearch-x-content/7.8.0/elasticsearch-x-content-7.8.0.jar:/Users/jianhuilin/.m2/repository/org/yaml/snakeyaml/1.26/snakeyaml-1.26.jar:/Users/jianhuilin/.m2/repository/com/fasterxml/jackson/dataformat/jackson-dataformat-smile/2.10.4/jackson-dataformat-smile-2.10.4.jar:/Users/jianhuilin/.m2/repository/com/fasterxml/jackson/dataformat/jackson-dataformat-yaml/2.10.4/jackson-dataformat-yaml-2.10.4.jar:/Users/jianhuilin/.m2/repository/com/fasterxml/jackson/dataformat/jackson-dataformat-cbor/2.10.4/jackson-dataformat-cbor-2.10.4.jar:/Users/jianhuilin/.m2/repository/org/elasticsearch/elasticsearch-geo/7.8.0/elasticsearch-geo-7.8.0.jar:/Users/jianhuilin/.m2/repository/org/apache/lucene/lucene-core/8.5.1/lucene-core-8.5.1.jar:/Users/jianhuilin/.m2/repository/org/apache/lucene/lucene-analyzers-common/8.5.1/lucene-analyzers-common-8.5.1.jar:/Users/jianhuilin/.m2/repository/org/apache/lucene/lucene-backward-codecs/8.5.1/lucene-backward-codecs-8.5.1.jar:/Users/jianhuilin/.m2/repository/org/apache/lucene/lucene-grouping/8.5.1/lucene-grouping-8.5.1.jar:/Users/jianhuilin/.m2/repository/org/apache/lucene/lucene-highlighter/8.5.1/lucene-highlighter-8.5.1.jar:/Users/jianhuilin/.m2/repository/org/apache/lucene/lucene-join/8.5.1/lucene-join-8.5.1.jar:/Users/jianhuilin/.m2/repository/org/apache/lucene/lucene-memory/8.5.1/lucene-memory-8.5.1.jar:/Users/jianhuilin/.m2/repository/org/apache/lucene/lucene-misc/8.5.1/lucene-misc-8.5.1.jar:/Users/jianhuilin/.m2/repository/org/apache/lucene/lucene-queries/8.5.1/lucene-queries-8.5.1.jar:/Users/jianhuilin/.m2/repository/org/apache/lucene/lucene-queryparser/8.5.1/lucene-queryparser-8.5.1.jar:/Users/jianhuilin/.m2/repository/org/apache/lucene/lucene-sandbox/8.5.1/lucene-sandbox-8.5.1.jar:/Users/jianhuilin/.m2/repository/org/apache/lucene/lucene-spatial-extras/8.5.1/lucene-spatial-extras-8.5.1.jar:/Users/jianhuilin/.m2/repository/org/apache/lucene/lucene-spatial3d/8.5.1/lucene-spatial3d-8.5.1.jar:/Users/jianhuilin/.m2/repository/org/apache/lucene/lucene-suggest/8.5.1/lucene-suggest-8.5.1.jar:/Users/jianhuilin/.m2/repository/org/elasticsearch/elasticsearch-cli/7.8.0/elasticsearch-cli-7.8.0.jar:/Users/jianhuilin/.m2/repository/net/sf/jopt-simple/jopt-simple/5.0.2/jopt-simple-5.0.2.jar:/Users/jianhuilin/.m2/repository/com/carrotsearch/hppc/0.8.1/hppc-0.8.1.jar:/Users/jianhuilin/.m2/repository/joda-time/joda-time/2.10.4/joda-time-2.10.4.jar:/Users/jianhuilin/.m2/repository/com/tdunning/t-digest/3.2/t-digest-3.2.jar:/Users/jianhuilin/.m2/repository/org/hdrhistogram/HdrHistogram/2.1.9/HdrHistogram-2.1.9.jar:/Users/jianhuilin/.m2/repository/org/apache/logging/log4j/log4j-api/2.11.1/log4j-api-2.11.1.jar:/Users/jianhuilin/.m2/repository/org/elasticsearch/jna/4.5.1/jna-4.5.1.jar:/Users/jianhuilin/.m2/repository/org/elasticsearch/client/elasticsearch-rest-client/7.7.0/elasticsearch-rest-client-7.7.0.jar:/Users/jianhuilin/.m2/repository/org/apache/httpcomponents/httpasyncclient/4.1.4/httpasyncclient-4.1.4.jar:/Users/jianhuilin/.m2/repository/org/apache/httpcomponents/httpcore-nio/4.4.13/httpcore-nio-4.4.13.jar:/Users/jianhuilin/.m2/repository/commons-logging/commons-logging/1.1.3/commons-logging-1.1.3.jar:/Users/jianhuilin/.m2/repository/org/elasticsearch/plugin/mapper-extras-client/7.8.0/mapper-extras-client-7.8.0.jar:/Users/jianhuilin/.m2/repository/org/elasticsearch/plugin/parent-join-client/7.8.0/parent-join-client-7.8.0.jar:/Users/jianhuilin/.m2/repository/org/elasticsearch/plugin/aggs-matrix-stats-client/7.8.0/aggs-matrix-stats-client-7.8.0.jar:/Users/jianhuilin/.m2/repository/org/elasticsearch/plugin/rank-eval-client/7.8.0/rank-eval-client-7.8.0.jar:/Users/jianhuilin/.m2/repository/org/elasticsearch/plugin/lang-mustache-client/7.8.0/lang-mustache-client-7.8.0.jar:/Users/jianhuilin/.m2/repository/com/github/spullara/mustache/java/compiler/0.9.6/compiler-0.9.6.jar:/Users/jianhuilin/.m2/repository/com/fasterxml/jackson/core/jackson-databind/2.11.1/jackson-databind-2.11.1.jar:/Users/jianhuilin/.m2/repository/com/fasterxml/jackson/core/jackson-annotations/2.10.4/jackson-annotations-2.10.4.jar:/Users/jianhuilin/.m2/repository/com/fasterxml/jackson/core/jackson-core/2.10.4/jackson-core-2.10.4.jar:/Users/jianhuilin/.m2/repository/org/jsoup/jsoup/1.13.1/jsoup-1.13.1.jar:"/>
    <property name="sun.cpu.endian" value="little"/>
    <property name="user.home" value="/Users/jianhuilin"/>
    <property name="user.language" value="en"/>
    <property name="java.specification.vendor" value="Oracle Corporation"/>
    <property name="java.version.date" value="2020-01-14"/>
    <property name="java.home" value="/Library/Java/JavaVirtualMachines/jdk-11.0.6.jdk/Contents/Home"/>
    <property name="file.separator" value="/"/>
    <property name="basedir" value="/Users/jianhuilin/Downloads/code-with-quarkus"/>
    <property name="java.vm.compressedOopsMode" value="Zero based"/>
    <property name="line.separator" value="&#10;"/>
    <property name="java.specification.name" value="Java Platform API Specification"/>
    <property name="java.vm.specification.vendor" value="Oracle Corporation"/>
    <property name="java.awt.graphicsenv" value="sun.awt.CGraphicsEnvironment"/>
    <property name="surefire.real.class.path" value="/Users/jianhuilin/Downloads/code-with-quarkus/target/surefire/surefirebooter12157945150554428244.jar"/>
    <property name="sun.management.compiler" value="HotSpot 64-Bit Tiered Compilers"/>
    <property name="ftp.nonProxyHosts" value="local|*.local|169.254/16|*.169.254/16"/>
    <property name="java.runtime.version" value="11.0.6+8-LTS"/>
    <property name="user.name" value="jianhuilin"/>
    <property name="path.separator" value=":"/>
    <property name="os.version" value="10.14.6"/>
    <property name="java.runtime.name" value="Java(TM) SE Runtime Environment"/>
    <property name="file.encoding" value="UTF-8"/>
    <property name="java.vm.name" value="Java HotSpot(TM) 64-Bit Server VM"/>
    <property name="java.vendor.version" value="18.9"/>
    <property name="localRepository" value="/Users/jianhuilin/.m2/repository"/>
    <property name="java.vendor.url.bug" value="http://bugreport.java.com/bugreport/"/>
    <property name="java.io.tmpdir" value="/var/folders/0h/5nx5c0td7j74cvx5zl4d7sgw0000gn/T/"/>
    <property name="java.version" value="11.0.6"/>
    <property name="user.dir" value="/Users/jianhuilin/Downloads/code-with-quarkus"/>
    <property name="os.arch" value="x86_64"/>
    <property name="java.vm.specification.name" value="Java Virtual Machine Specification"/>
    <property name="java.awt.printerjob" value="sun.lwawt.macosx.CPrinterJob"/>
    <property name="sun.os.patch.level" value="unknown"/>
    <property name="java.util.logging.manager" value="org.jboss.logmanager.LogManager"/>
    <property name="java.library.path" value="/Users/jianhuilin/Library/Java/Extensions:/Library/Java/Extensions:/Network/Library/Java/Extensions:/System/Library/Java/Extensions:/usr/lib/java:."/>
    <property name="java.vendor" value="Oracle Corporation"/>
    <property name="java.vm.info" value="mixed mode"/>
    <property name="java.vm.version" value="11.0.6+8-LTS"/>
    <property name="sun.io.unicode.encoding" value="UnicodeBig"/>
    <property name="java.class.version" value="55.0"/>
    <property name="socksNonProxyHosts" value="local|*.local|169.254/16|*.169.254/16"/>
  </properties>
  <testcase name="testHelloEndpoint" classname="org.acme.ExampleResourceTest" time="1.532">
    <failure message="1 expectation failed.&#10;Expected status code &lt;200&gt; but was &lt;404&gt;.&#10;" type="java.lang.AssertionError"><![CDATA[java.lang.AssertionError: 
1 expectation failed.
Expected status code <200> but was <404>.

	at org.acme.ExampleResourceTest.testHelloEndpoint(ExampleResourceTest.java:17)
]]></failure>
    <system-out><![CDATA[2020-07-18 22:42:43,011 WARN  [io.qua.res.com.dep.ResteasyCommonProcessor] (build-18) Quarkus detected the need of REST JSON support but you have not provided the necessary JSON extension for this. You can visit https://quarkus.io/guides/rest-json for more information on how to set one.
2020-07-18 22:42:43,785 INFO  [io.quarkus] (main) Quarkus 1.6.0.Final on JVM started in 1.748s. Listening on: http://0.0.0.0:8081
2020-07-18 22:42:43,786 INFO  [io.quarkus] (main) Profile test activated. 
2020-07-18 22:42:43,786 INFO  [io.quarkus] (main) Installed features: [cdi, resteasy]
]]></system-out>
  </testcase>
</testsuite>